Dex: 10, 10, User: 10, 0
(a->b) in: 1, Out: 1
Dex: 11, 9, User: 9, 1
(b->a) in: 1, Out: 2
Dex: 9, 10, User: 11, 0
Delta: 1, Current balance sum: 11


Dex: 9, 10, User: 11, 0
(a->b) in: 1, Out: 1
Dex: 10, 9, User: 10, 1
(b->a) in: 1, Out: 1
Dex: 9, 10, User: 11, 0


Dex: 9, 10, User: 11, 0
(a->b) in: 2, Out: 2
Dex: 11, 8, User: 9, 2
(b->a) in: 2, Out: 3
Dex: 8, 10, User: 12, 0
Delta: 1, Current balance sum: 12


Dex: 8, 10, User: 12, 0
(a->b) in: 1, Out: 2
Dex: 9, 8, User: 11, 2
(b->a) in: 1, Out: 1
Dex: 8, 9, User: 12, 1
Delta: 1, Current balance sum: 13


Dex: 8, 9, User: 12, 1
(a->b) in: 1, Out: 1
Dex: 9, 8, User: 11, 2
(b->a) in: 1, Out: 1
Dex: 8, 9, User: 12, 1


Dex: 8, 9, User: 12, 1
(a->b) in: 2, Out: 2
Dex: 10, 7, User: 10, 3
(b->a) in: 2, Out: 3
Dex: 7, 9, User: 13, 1
Delta: 1, Current balance sum: 14


Dex: 7, 9, User: 13, 1
(a->b) in: 1, Out: 2
Dex: 8, 7, User: 12, 3
(b->a) in: 1, Out: 1
Dex: 7, 8, User: 13, 2
Delta: 1, Current balance sum: 15


Dex: 7, 8, User: 13, 2
(a->b) in: 1, Out: 1
Dex: 8, 7, User: 12, 3
(b->a) in: 1, Out: 1
Dex: 7, 8, User: 13, 2


Dex: 7, 8, User: 13, 2
(a->b) in: 2, Out: 2
Dex: 9, 6, User: 11, 4
(b->a) in: 2, Out: 3
Dex: 6, 8, User: 14, 2
Delta: 1, Current balance sum: 16


Dex: 6, 8, User: 14, 2
(a->b) in: 1, Out: 2
Dex: 7, 6, User: 13, 4
(b->a) in: 1, Out: 1
Dex: 6, 7, User: 14, 3
Delta: 1, Current balance sum: 17


Dex: 6, 7, User: 14, 3
(a->b) in: 1, Out: 1
Dex: 7, 6, User: 13, 4
(b->a) in: 1, Out: 1
Dex: 6, 7, User: 14, 3


Dex: 6, 7, User: 14, 3
(a->b) in: 2, Out: 2
Dex: 8, 5, User: 12, 5
(b->a) in: 2, Out: 3
Dex: 5, 7, User: 15, 3
Delta: 1, Current balance sum: 18


Dex: 5, 7, User: 15, 3
(a->b) in: 1, Out: 2
Dex: 6, 5, User: 14, 5
(b->a) in: 1, Out: 1
Dex: 5, 6, User: 15, 4
Delta: 1, Current balance sum: 19


Dex: 5, 6, User: 15, 4
(a->b) in: 1, Out: 1
Dex: 6, 5, User: 14, 5
(b->a) in: 1, Out: 1
Dex: 5, 6, User: 15, 4


Dex: 5, 6, User: 15, 4
(a->b) in: 2, Out: 2
Dex: 7, 4, User: 13, 6
(b->a) in: 2, Out: 3
Dex: 4, 6, User: 16, 4
Delta: 1, Current balance sum: 20


Dex: 4, 6, User: 16, 4
(a->b) in: 1, Out: 2
Dex: 5, 4, User: 15, 6
(b->a) in: 1, Out: 1
Dex: 4, 5, User: 16, 5
Delta: 1, Current balance sum: 21


Dex: 4, 5, User: 16, 5
(a->b) in: 1, Out: 1
Dex: 5, 4, User: 15, 6
(b->a) in: 1, Out: 1
Dex: 4, 5, User: 16, 5


Dex: 4, 5, User: 16, 5
(a->b) in: 2, Out: 2
Dex: 6, 3, User: 14, 7
(b->a) in: 2, Out: 3
Dex: 3, 5, User: 17, 5
Delta: 1, Current balance sum: 22


Dex: 3, 5, User: 17, 5
(a->b) in: 1, Out: 2
Dex: 4, 3, User: 16, 7
(b->a) in: 1, Out: 1
Dex: 3, 4, User: 17, 6
Delta: 1, Current balance sum: 23


Dex: 3, 4, User: 17, 6
(a->b) in: 1, Out: 1
Dex: 4, 3, User: 16, 7
(b->a) in: 1, Out: 1
Dex: 3, 4, User: 17, 6


Dex: 3, 4, User: 17, 6
(a->b) in: 2, Out: 2
Dex: 5, 2, User: 15, 8
(b->a) in: 2, Out: 3
Dex: 2, 4, User: 18, 6
Delta: 1, Current balance sum: 24


Dex: 2, 4, User: 18, 6
(a->b) in: 1, Out: 2
Dex: 3, 2, User: 17, 8
(b->a) in: 1, Out: 1
Dex: 2, 3, User: 18, 7
Delta: 1, Current balance sum: 25


Dex: 2, 3, User: 18, 7
(a->b) in: 1, Out: 1
Dex: 3, 2, User: 17, 8
(b->a) in: 1, Out: 1
Dex: 2, 3, User: 18, 7


Dex: 2, 3, User: 18, 7
(a->b) in: 2, Out: 2
Dex: 4, 1, User: 16, 9
(b->a) in: 2, Out: 3
Dex: 1, 3, User: 19, 7
Delta: 1, Current balance sum: 26


Dex: 1, 3, User: 19, 7
(a->b) in: 1, Out: 2
Dex: 2, 1, User: 18, 9
(b->a) in: 1, Out: 1
Dex: 1, 2, User: 19, 8
Delta: 1, Current balance sum: 27


Dex: 1, 2, User: 19, 8
(a->b) in: 1, Out: 1
Dex: 2, 1, User: 18, 9
(b->a) in: 1, Out: 1
Dex: 1, 2, User: 19, 8


Dex: 1, 2, User: 19, 8
(a->b) in: 2, Out: 2
Dex: 3, 0, User: 17, 10
(b->a) in: 2, Out: 3
Dex: 0, 2, User: 20, 8
Delta: 1, Current balance sum: 28


Dex: 0, 2, User: 20, 8
(a->b) in: 1, Out: 2
Dex: 1, 0, User: 19, 10
(b->a) in: 1, Out: 1
Dex: 0, 1, User: 20, 9
Delta: 1, Current balance sum: 29

Positive Delta Swaps: [
  {
    firstInAmount: 1,
    firstDirection: 1,
    secondInAmount: 1,
    secondDirection: 0
  },
  {
    firstInAmount: 2,
    firstDirection: 1,
    secondInAmount: 2,
    secondDirection: 0
  },
  {
    firstInAmount: 1,
    firstDirection: 1,
    secondInAmount: 1,
    secondDirection: 0
  },
  {
    firstInAmount: 2,
    firstDirection: 1,
    secondInAmount: 2,
    secondDirection: 0
  },
  {
    firstInAmount: 1,
    firstDirection: 1,
    secondInAmount: 1,
    secondDirection: 0
  },
  {
    firstInAmount: 2,
    firstDirection: 1,
    secondInAmount: 2,
    secondDirection: 0
  },
  {
    firstInAmount: 1,
    firstDirection: 1,
    secondInAmount: 1,
    secondDirection: 0
  },
  {
    firstInAmount: 2,
    firstDirection: 1,
    secondInAmount: 2,
    secondDirection: 0
  },
  {
    firstInAmount: 1,
    firstDirection: 1,
    secondInAmount: 1,
    secondDirection: 0
  },
  {
    firstInAmount: 2,
    firstDirection: 1,
    secondInAmount: 2,
    secondDirection: 0
  },
  {
    firstInAmount: 1,
    firstDirection: 1,
    secondInAmount: 1,
    secondDirection: 0
  },
  {
    firstInAmount: 2,
    firstDirection: 1,
    secondInAmount: 2,
    secondDirection: 0
  },
  {
    firstInAmount: 1,
    firstDirection: 1,
    secondInAmount: 1,
    secondDirection: 0
  },
  {
    firstInAmount: 2,
    firstDirection: 1,
    secondInAmount: 2,
    secondDirection: 0
  },
  {
    firstInAmount: 1,
    firstDirection: 1,
    secondInAmount: 1,
    secondDirection: 0
  },
  {
    firstInAmount: 2,
    firstDirection: 1,
    secondInAmount: 2,
    secondDirection: 0
  },
  {
    firstInAmount: 1,
    firstDirection: 1,
    secondInAmount: 1,
    secondDirection: 0
  },
  {
    firstInAmount: 2,
    firstDirection: 1,
    secondInAmount: 2,
    secondDirection: 0
  },
  {
    firstInAmount: 1,
    firstDirection: 1,
    secondInAmount: 1,
    secondDirection: 0
  }
]
